This is pdfTeX, Version 3.141592653-2.6-1.40.23 (TeX Live 2021/W32TeX) (preloaded format=pdflatex 2022.2.25)  25 FEB 2022 18:02
entering extended mode
 restricted \write18 enabled.
 %&-line parsing enabled.
**C:/Users/alper/AppData/Local/Temp/Rtmps3NFcM/file44282aeb4592/index.tex
(c:/Users/alper/AppData/Local/Temp/Rtmps3NFcM/file44282aeb4592/index.tex
LaTeX2e <2021-11-15> patch level 1
L3 programming layer <2022-02-24>

! LaTeX Error: Missing \begin{document}.

See the LaTeX manual or LaTeX Companion for explanation.
Type  H <return>  for immediate help.
 ...                                              
                                                  
l.2 
     
Here is how much of TeX's memory you used:
 18 strings out of 480236
 756 string characters out of 5894214
 284331 words of memory out of 5000000
 18071 multiletter control sequences out of 15000+600000
 469259 words of font info for 28 fonts, out of 8000000 for 9000
 14 hyphenation exceptions out of 8191
 13i,0n,12p,116b,22s stack positions out of 5000i,500n,10000p,200000b,80000s

!  ==> Fatal error occurred, no output PDF file produced!
